<?xml version="1.0" encoding="UTF-8"?>
<!-- Generated by org.testng.reporters.JUnitXMLReporter -->
<testsuite ignored="2" hostname="LAPTOP-55U1L3LS" failures="0" tests="1" name="Default test" time="10.294" errors="0" timestamp="2023-02-26T12:04:15 IST">
  <testcase classname="com.FB.qa.testcases.LoginTest" name="Logintest" time="0.343"/>
  <testcase classname="com.FB.qa.testcases.LoginTest" name="MultiUserLogin" time="0.0">
    <ignored/>
  </testcase> <!-- MultiUserLogin -->
  <testcase classname="com.FB.qa.testcases.LoginTest" name="URL" time="0.0">
    <ignored/>
  </testcase> <!-- URL -->
</testsuite> <!-- Default test -->
