<?xml version="1.0" encoding="UTF-8"?>
<!-- Generated by org.testng.reporters.JUnitXMLReporter -->
<testsuite ignored="2" hostname="LAPTOP-55U1L3LS" failures="0" tests="2" name="Default test" time="18.463" errors="0" timestamp="2023-02-15T14:02:30 IST">
  <testcase classname="com.FB.qa.testcases.LoginTest" name="MultiUserLogin" time="0.255"/>
  <testcase classname="com.FB.qa.testcases.LoginTest" name="MultiUserLogin" time="0.276"/>
  <testcase classname="com.FB.qa.testcases.LoginTest" name="URL" time="0.0">
    <ignored/>
  </testcase> <!-- URL -->
  <testcase classname="com.FB.qa.testcases.LoginTest" name="Logintest" time="0.0">
    <ignored/>
  </testcase> <!-- Logintest -->
</testsuite> <!-- Default test -->
