<?xml version="1.0" encoding="UTF-8"?>
<!-- Generated by org.testng.reporters.JUnitXMLReporter -->
<testsuite ignored="0" hostname="LAPTOP-55U1L3LS" failures="0" tests="7" name="Test" time="98.937" errors="0" timestamp="2023-02-20T12:51:51 IST">
  <testcase classname="com.FB.qa.testcases.LoginTest" name="URL" time="0.604"/>
  <testcase classname="com.FB.qa.testcases.LoginTest" name="Logintest" time="0.399"/>
  <testcase classname="com.FB.qa.testcases.LoginTest" name="MultiUserLogin" time="0.38"/>
  <testcase classname="com.FB.qa.testcases.LoginTest" name="MultiUserLogin" time="0.367"/>
  <testcase classname="com.FB.qa.testcases.Test_Fb_Add_Story" name="FB_Addtest" time="16.94"/>
  <testcase classname="com.FB.qa.testcases.SignUpTest" name="SignUptest" time="7.628"/>
  <testcase classname="com.FB.qa.testcases.HomePageWatch" name="HomePagetest" time="13.191"/>
</testsuite> <!-- Test -->
