<?xml version="1.0" encoding="UTF-8"?>
<testng-results ignored="2" total="3" passed="1" failed="0" skipped="0">
  <reporter-output>
  </reporter-output>
  <suite started-at="2023-02-26T12:04:04 IST" name="Default suite" finished-at="2023-02-26T12:04:15 IST" duration-ms="10294">
    <groups>
    </groups>
    <test started-at="2023-02-26T12:04:04 IST" name="Default test" finished-at="2023-02-26T12:04:15 IST" duration-ms="10294">
      <class name="com.FB.qa.testcases.LoginTest">
        <test-method is-config="true" signature="setUp()[pri:0, instance:com.FB.qa.testcases.LoginTest@614df0a4]" started-at="2023-02-26T12:04:04 IST" name="setUp" finished-at="2023-02-26T12:04:10 IST" duration-ms="5498" status="PASS">
          <reporter-output>
          </reporter-output>
        </test-method> <!-- setUp -->
        <test-method signature="Logintest()[pri:2, instance:com.FB.qa.testcases.LoginTest@614df0a4]" started-at="2023-02-26T12:04:10 IST" name="Logintest" finished-at="2023-02-26T12:04:10 IST" duration-ms="343" status="PASS">
          <reporter-output>
          </reporter-output>
        </test-method> <!-- Logintest -->
        <test-method is-config="true" signature="tearDown()[pri:0, instance:com.FB.qa.testcases.LoginTest@614df0a4]" started-at="2023-02-26T12:04:10 IST" name="tearDown" finished-at="2023-02-26T12:04:15 IST" duration-ms="4330" status="PASS">
          <reporter-output>
          </reporter-output>
        </test-method> <!-- tearDown -->
      </class> <!-- com.FB.qa.testcases.LoginTest -->
    </test> <!-- Default test -->
  </suite> <!-- Default suite -->
</testng-results>
